/bin/sh: 1: /home/pierre/backup/script/bacxwiki.sh: Permission denied
 sauvegarde dans dans le repertoire :2018-06-18-18-28
mkdir: impossible de créer le répertoire «/root/backup/xwikisauve/2018-06-18-18-28»: Aucun fichier ou dossier de ce type
 le repertoire n'existe pas on le crée
/home/pierre/backup/script/bacxwiki.sh: ligne 83: /root/backup/xwikisauve/2018-06-18-18-28/bases.list: Aucun fichier ou dossier de ce type
/home/pierre/backup/script/bacxwiki.sh: ligne 93: /root/backup/xwikisauve/2018-06-18-18-28/bases.list: Aucun fichier ou dossier de ce type
 fin debug
Backup data
 repertorer DATAFOLDER  /var/lib/xwiki
tar: Suppression de « ../ » au début des noms des membres
tar (child): /root/backup/xwikisauve/2018-06-18-18-28/data.tar.gz : open impossible: Aucun fichier ou dossier de ce type
tar (child): Error is not recoverable: exiting now
Backup config
 repertorer CONFFOLDER  /etc/xwiki
tar: Suppression de « ../ » au début des noms des membres
tar (child): /root/backup/xwikisauve/2018-06-18-18-28/config.tar.gz : open impossible: Aucun fichier ou dossier de ce type
tar (child): Error is not recoverable: exiting now
Backup webapps
tar: Suppression de « ../ » au début des noms des membres
tar (child): /root/backup/xwikisauve/2018-06-18-18-28/webapps.tar.gz : open impossible: Aucun fichier ou dossier de ce type
tar (child): Error is not recoverable: exiting now
Backup Biblio
tar: Suppression de « ../ » au début des noms des membres
tar (child): /root/backup/xwikisauve/2018-06-18-18-28/Biblio.tar.gz : open impossible: Aucun fichier ou dossier de ce type
tar (child): Error is not recoverable: exiting now
TERMINE
 sauvegarde dans dans le repertoire :2018-06-18-18-42
mkdir: impossible de créer le répertoire «home/pierre/backup/xwikisauve/2018-06-18-18-42»: Aucun fichier ou dossier de ce type
 le repertoire n'existe pas on le crée
/home/pierre/backup/script/bacxwiki.sh: ligne 83: home/pierre/backup/xwikisauve/2018-06-18-18-42/bases.list: Aucun fichier ou dossier de ce type
/home/pierre/backup/script/bacxwiki.sh: ligne 93: home/pierre/backup/xwikisauve/2018-06-18-18-42/bases.list: Aucun fichier ou dossier de ce type
 fin debug
Backup data
 repertorer DATAFOLDER  /var/lib/xwiki
tar: Suppression de « ../ » au début des noms des membres
tar (child): home/pierre/backup/xwikisauve/2018-06-18-18-42/data.tar.gz : open impossible: Aucun fichier ou dossier de ce type
tar (child): Error is not recoverable: exiting now
Backup config
 repertorer CONFFOLDER  /etc/xwiki
tar: Suppression de « ../ » au début des noms des membres
tar (child): home/pierre/backup/xwikisauve/2018-06-18-18-42/config.tar.gz : open impossible: Aucun fichier ou dossier de ce type
tar (child): Error is not recoverable: exiting now
Backup webapps
tar: Suppression de « ../ » au début des noms des membres
tar (child): home/pierre/backup/xwikisauve/2018-06-18-18-42/webapps.tar.gz : open impossible: Aucun fichier ou dossier de ce type
tar (child): Error is not recoverable: exiting now
Backup Biblio
tar: Suppression de « ../ » au début des noms des membres
tar (child): home/pierre/backup/xwikisauve/2018-06-18-18-42/Biblio.tar.gz : open impossible: Aucun fichier ou dossier de ce type
tar (child): Error is not recoverable: exiting now
TERMINE
 sauvegarde dans dans le repertoire :2018-06-18-18-46
 le repertoire n'existe pas on le crée
base : xwiki
bases :  xwiki
Backup Mysql base:xwiki
mysqldump: Got error: 1045: Access denied for user 'root'@'localhost' (using password: NO) when trying to connect
 fin debug
Backup data
 repertorer DATAFOLDER  /var/lib/xwiki
tar: Suppression de « ../ » au début des noms des membres
Backup config
 repertorer CONFFOLDER  /etc/xwiki
tar: Suppression de « ../ » au début des noms des membres
Backup webapps
tar: Suppression de « ../ » au début des noms des membres
Backup Biblio
tar: Suppression de « ../ » au début des noms des membres
TERMINE
 sauvegarde dans dans le repertoire :2018-06-18-18-57
 le repertoire n'existe pas on le crée
base : xwiki
bases :  xwiki
Backup Mysql base:xwiki
 fin debug
Backup data
 repertorer DATAFOLDER  /var/lib/xwiki
tar: Suppression de « ../ » au début des noms des membres
Backup config
 repertorer CONFFOLDER  /etc/xwiki
tar: Suppression de « ../ » au début des noms des membres
Backup webapps
tar: Suppression de « ../ » au début des noms des membres
Backup Biblio
tar: Suppression de « ../ » au début des noms des membres
TERMINE
 sauvegarde dans dans le repertoire :mardi
 le repertoire n'existe pas on le crée
base : xwiki
bases :  xwiki
Backup Mysql base:xwiki
 fin debug
Backup data
 repertorer DATAFOLDER  /var/lib/xwiki
tar: Suppression de « ../ » au début des noms des membres
Backup config
 repertorer CONFFOLDER  /etc/xwiki
tar: Suppression de « ../ » au début des noms des membres
Backup webapps
tar: Suppression de « ../ » au début des noms des membres
Backup Biblio
tar: Suppression de « ../ » au début des noms des membres
TERMINE
/home/pierre/backup/script/bacxwiki.sh: ligne 26: repertoires.cnf: Aucun fichier ou dossier de ce type
 sauvegarde dans dans le repertoire :mercredi
 le repertoire n'existe pas on le crée
 fin debug
Backup data
 repertorer DATAFOLDER  
tar: Suppression de « ../ » au début des noms des membres
tar: ../xwiki : stat impossible: Aucun fichier ou dossier de ce type
tar: Arrêt avec code d'échec à cause des erreurs précédentes
Backup config
 repertorer CONFFOLDER  
tar: Suppression de « ../ » au début des noms des membres
tar: ../xwiki : stat impossible: Aucun fichier ou dossier de ce type
tar: Arrêt avec code d'échec à cause des erreurs précédentes
Backup webapps
tar: Suppression de « ../ » au début des noms des membres
tar: ../xwiki : stat impossible: Aucun fichier ou dossier de ce type
tar: Arrêt avec code d'échec à cause des erreurs précédentes
Backup Biblio
tar: Suppression de « ../ » au début des noms des membres
tar: ../Biblio : stat impossible: Aucun fichier ou dossier de ce type
tar: Arrêt avec code d'échec à cause des erreurs précédentes
TERMINE
/home/pierre/backup/script/bacxwiki.sh: ligne 26: repertoires.cnf: Aucun fichier ou dossier de ce type
 sauvegarde dans dans le repertoire :mercredi
le repertoire existe déja , on va ecraser les fichier avec la nouvelle sauvegarde
 fin debug
Backup data
 repertorer DATAFOLDER  
tar: Suppression de « ../ » au début des noms des membres
tar: ../xwiki : stat impossible: Aucun fichier ou dossier de ce type
tar: Arrêt avec code d'échec à cause des erreurs précédentes
Backup config
 repertorer CONFFOLDER  
tar: Suppression de « ../ » au début des noms des membres
tar: ../xwiki : stat impossible: Aucun fichier ou dossier de ce type
tar: Arrêt avec code d'échec à cause des erreurs précédentes
Backup webapps
tar: Suppression de « ../ » au début des noms des membres
tar: ../xwiki : stat impossible: Aucun fichier ou dossier de ce type
tar: Arrêt avec code d'échec à cause des erreurs précédentes
Backup Biblio
tar: Suppression de « ../ » au début des noms des membres
tar: ../Biblio : stat impossible: Aucun fichier ou dossier de ce type
tar: Arrêt avec code d'échec à cause des erreurs précédentes
TERMINE
/bin/bash: bacxwiki.sh : commande introuvable
/bin/bash: bacxwiki.sh : commande introuvable
/bin/bash: bacxwiki.sh : commande introuvable
/bin/bash: bacxwiki.sh : commande introuvable
/bin/bash: bacxwiki.sh : commande introuvable
/bin/bash: bacxwiki.sh : commande introuvable
 sauvegarde dans dans le repertoire :mercredi
 le repertoire n'existe pas on le crée
base : xwiki
bases :  xwiki
Backup Mysql base:xwiki
 fin debug
Backup data
 repertorer DATAFOLDER  /var/lib/xwiki
tar: Suppression de « ../ » au début des noms des membres
Backup config
 repertorer CONFFOLDER  /etc/xwiki
tar: Suppression de « ../ » au début des noms des membres
Backup webapps
tar: Suppression de « ../ » au début des noms des membres
Backup Biblio
tar: Suppression de « ../ » au début des noms des membres
TERMINE
 sauvegarde dans dans le repertoire :mercredi
 le repertoire n'existe pas on le crée
base : xwiki
bases :  xwiki
Backup Mysql base:xwiki
 fin debug
Backup data
 repertorer DATAFOLDER  /var/lib/xwiki
tar: Suppression de « ../ » au début des noms des membres
Backup config
 repertorer CONFFOLDER  /etc/xwiki
tar: Suppression de « ../ » au début des noms des membres
Backup webapps
tar: Suppression de « ../ » au début des noms des membres
Backup Biblio
tar: Suppression de « ../ » au début des noms des membres
TERMINE
 sauvegarde dans dans le repertoire :mercredi
 le repertoire n'existe pas on le crée
base : xwiki
bases :  xwiki
Backup Mysql base:xwiki
 fin debug
Backup data
 repertorer DATAFOLDER  /var/lib/xwiki
tar: Suppression de « ../ » au début des noms des membres
Backup config
 repertorer CONFFOLDER  /etc/xwiki
tar: Suppression de « ../ » au début des noms des membres
Backup webapps
tar: Suppression de « ../ » au début des noms des membres
Backup Biblio
tar: Suppression de « ../ » au début des noms des membres
TERMINE
 sauvegarde dans dans le repertoire :jeudi
 le repertoire n'existe pas on le crée
base : xwiki
bases :  xwiki
Backup Mysql base:xwiki
 fin debug
Backup data
 repertorer DATAFOLDER  /var/lib/xwiki
tar: Suppression de « ../ » au début des noms des membres
Backup config
 repertorer CONFFOLDER  /etc/xwiki
tar: Suppression de « ../ » au début des noms des membres
Backup webapps
tar: Suppression de « ../ » au début des noms des membres
Backup Biblio
tar: Suppression de « ../ » au début des noms des membres
TERMINE
 sauvegarde dans dans le repertoire :vendredi
 le repertoire n'existe pas on le crée
base : xwiki
bases :  xwiki
Backup Mysql base:xwiki
 fin debug
Backup data
 repertorer DATAFOLDER  /var/lib/xwiki
tar: Suppression de « ../ » au début des noms des membres
Backup config
 repertorer CONFFOLDER  /etc/xwiki
tar: Suppression de « ../ » au début des noms des membres
Backup webapps
tar: Suppression de « ../ » au début des noms des membres
Backup Biblio
tar: Suppression de « ../ » au début des noms des membres
TERMINE
 sauvegarde dans dans le repertoire :samedi
 le repertoire n'existe pas on le crée
base : xwiki
bases :  xwiki
Backup Mysql base:xwiki
 fin debug
Backup data
 repertorer DATAFOLDER  /var/lib/xwiki
tar: Suppression de « ../ » au début des noms des membres
Backup config
 repertorer CONFFOLDER  /etc/xwiki
tar: Suppression de « ../ » au début des noms des membres
Backup webapps
tar: Suppression de « ../ » au début des noms des membres
Backup Biblio
tar: Suppression de « ../ » au début des noms des membres
TERMINE
 sauvegarde dans dans le repertoire :dimanche
 le repertoire n'existe pas on le crée
base : xwiki
bases :  xwiki
Backup Mysql base:xwiki
 fin debug
Backup data
 repertorer DATAFOLDER  /var/lib/xwiki
tar: Suppression de « ../ » au début des noms des membres
Backup config
 repertorer CONFFOLDER  /etc/xwiki
tar: Suppression de « ../ » au début des noms des membres
Backup webapps
tar: Suppression de « ../ » au début des noms des membres
Backup Biblio
tar: Suppression de « ../ » au début des noms des membres
TERMINE
 sauvegarde dans dans le repertoire :25
le repertoire existe déja , on va ecraser les fichier avec la nouvelle sauvegarde
base : xwiki
bases :  xwiki
Backup Mysql base:xwiki
 fin debug
Backup data
 repertorer DATAFOLDER  /var/lib/xwiki
tar: Suppression de « ../ » au début des noms des membres
Backup config
 repertorer CONFFOLDER  /etc/xwiki
tar: Suppression de « ../ » au début des noms des membres
Backup webapps
tar: Suppression de « ../ » au début des noms des membres
Backup Biblio
tar: Suppression de « ../ » au début des noms des membres
TERMINE
 sauvegarde dans dans le repertoire :lundi
 le repertoire n'existe pas on le crée
base : xwiki
bases :  xwiki
Backup Mysql base:xwiki
 fin debug
Backup data
 repertorer DATAFOLDER  /var/lib/xwiki
tar: Suppression de « ../ » au début des noms des membres
Backup config
 repertorer CONFFOLDER  /etc/xwiki
tar: Suppression de « ../ » au début des noms des membres
Backup webapps
tar: Suppression de « ../ » au début des noms des membres
Backup Biblio
tar: Suppression de « ../ » au début des noms des membres
TERMINE
 sauvegarde dans dans le repertoire :mardi
 le repertoire n'existe pas on le crée
base : sifold
bases :  sifold
base : xwiki
bases :  sifold xwiki
Backup Mysql base:sifold
Backup Mysql base:xwiki
 fin debug
Backup data
 repertorer DATAFOLDER  /var/lib/xwiki
tar: Suppression de « ../ » au début des noms des membres
Backup config
 repertorer CONFFOLDER  /etc/xwiki
tar: Suppression de « ../ » au début des noms des membres
Backup webapps
tar: Suppression de « ../ » au début des noms des membres
Backup Biblio
tar: Suppression de « ../ » au début des noms des membres
TERMINE
 sauvegarde dans dans le repertoire :mercredi
le repertoire existe déja , on va ecraser les fichier avec la nouvelle sauvegarde
base : sifold
bases :  sifold
base : xwiki
bases :  sifold xwiki
Backup Mysql base:sifold
Backup Mysql base:xwiki
 fin debug
Backup data
 repertorer DATAFOLDER  /var/lib/xwiki
tar: Suppression de « ../ » au début des noms des membres
Backup config
 repertorer CONFFOLDER  /etc/xwiki
tar: Suppression de « ../ » au début des noms des membres
Backup webapps
tar: Suppression de « ../ » au début des noms des membres
Backup Biblio
tar: Suppression de « ../ » au début des noms des membres
TERMINE
